<?xml version="1.0" encoding="UTF-8"?>
<testsuites tests="1" failures="1" errors="0" skipped="0">
  <testsuite name="Siebel Invoice Validation Complete 6 Point Validation" timestamp="2026-07-01T05:39:22" time="92.361" tests="1" failures="1" errors="0" skipped="0">
    <properties>
      <property name="specId" value="0"/>
      <property name="suiteName" value="Siebel Invoice Validation - Complete 6-Point Validation"/>
      <property name="capabilities" value="chrome.149_0_7827_197.windows"/>
      <property name="file" value="file:///D:/New%20VI%20UAT%20PROJECT/WIP/Automation%20Folder/VI%20Demo%2031.05.2026/VI%20Demo/siebel-crm-automation/specs/siebel_invoice_validation.spec.ts"/>
    </properties>
    <testcase classname="chrome.149_0_7827_197.windows.Siebel_Invoice_Validation_-_Complete_6-Point_Validation" name="7434853216 Complete Invoice Validation Vi Max Family 871" time="92.356">
      <failure message="Asset/Mobile Number field not found with any known locator"/>
      <system-out><![CDATA[
COMMAND: GET /session/bff4273739e203c115dd315fbe0205a1/element/f.BFB8759039FE4A82D214F951969F662B.d.E7F5DEA30DA3E3AC2B7179C71B327C3C.e.13/text - {}
RESULT: {}
COMMAND: POST /session/bff4273739e203c115dd315fbe0205a1/element/f.BFB8759039FE4A82D214F951969F662B.d.E7F5DEA30DA3E3AC2B7179C71B327C3C.e.5/clear - {}
RESULT: {}
COMMAND: POST /session/bff4273739e203c115dd315fbe0205a1/element/f.BFB8759039FE4A82D214F951969F662B.d.E7F5DEA30DA3E3AC2B7179C71B327C3C.e.5/clear - {}
RESULT: {}
COMMAND: POST /session/bff4273739e203c115dd315fbe0205a1/element/f.BFB8759039FE4A82D214F951969F662B.d.E7F5DEA30DA3E3AC2B7179C71B327C3C.e.5/value - {"text":"COR4055772"}
RESULT: {"text":"COR4055772"}
COMMAND: POST /session/bff4273739e203c115dd315fbe0205a1/element/f.BFB8759039FE4A82D214F951969F662B.d.E7F5DEA30DA3E3AC2B7179C71B327C3C.e.6/clear - {}
RESULT: {}
COMMAND: POST /session/bff4273739e203c115dd315fbe0205a1/element/f.BFB8759039FE4A82D214F951969F662B.d.E7F5DEA30DA3E3AC2B7179C71B327C3C.e.6/clear - {}
RESULT: {}
COMMAND: POST /session/bff4273739e203c115dd315fbe0205a1/element/f.BFB8759039FE4A82D214F951969F662B.d.E7F5DEA30DA3E3AC2B7179C71B327C3C.e.6/value - {"text":"Test@123456789!"}
RESULT: {"text":"Test@123456789!"}
COMMAND: POST /session/bff4273739e203c115dd315fbe0205a1/element/f.BFB8759039FE4A82D214F951969F662B.d.E7F5DEA30DA3E3AC2B7179C71B327C3C.e.7/click - {}
RESULT: {}
COMMAND: GET /session/bff4273739e203c115dd315fbe0205a1/alert/text - {}
RESULT: {}
COMMAND: GET /session/bff4273739e203c115dd315fbe0205a1/window/handles - {}
RESULT: {}
COMMAND: GET /session/bff4273739e203c115dd315fbe0205a1/alert/text - {}
RESULT: {}
COMMAND: GET /session/bff4273739e203c115dd315fbe0205a1/window/handles - {}
RESULT: {}
COMMAND: GET /session/bff4273739e203c115dd315fbe0205a1/element/f.BFB8759039FE4A82D214F951969F662B.d.86C6649A36ECDA349F4F4651F0D5AAF9.e.31/text - {}
RESULT: {}
COMMAND: GET /session/bff4273739e203c115dd315fbe0205a1/element/f.BFB8759039FE4A82D214F951969F662B.d.86C6649A36ECDA349F4F4651F0D5AAF9.e.31/text - {}
RESULT: {}
COMMAND: GET /session/bff4273739e203c115dd315fbe0205a1/element/f.BFB8759039FE4A82D214F951969F662B.d.86C6649A36ECDA349F4F4651F0D5AAF9.e.31/text - {}
RESULT: {}
COMMAND: GET /session/bff4273739e203c115dd315fbe0205a1/element/f.BFB8759039FE4A82D214F951969F662B.d.86C6649A36ECDA349F4F4651F0D5AAF9.e.31/text - {}
RESULT: {}
COMMAND: POST /session/bff4273739e203c115dd315fbe0205a1/element/f.BFB8759039FE4A82D214F951969F662B.d.86C6649A36ECDA349F4F4651F0D5AAF9.e.27/click - {}
RESULT: {}
COMMAND: POST /session/bff4273739e203c115dd315fbe0205a1/element - {"using":"xpath","value":"//*[@id=\"ui-id-126\"]"}
RESULT: {"using":"xpath","value":"//*[@id=\"ui-id-126\"]"}
COMMAND: POST /session/bff4273739e203c115dd315fbe0205a1/element/f.BFB8759039FE4A82D214F951969F662B.d.9204AC581906C0E50867579E3E6BA3C4.e.100/click - {}
RESULT: {}
COMMAND: POST /session/bff4273739e203c115dd315fbe0205a1/element/f.BFB8759039FE4A82D214F951969F662B.d.9204AC581906C0E50867579E3E6BA3C4.e.181/click - {}
RESULT: {}
COMMAND: POST /session/bff4273739e203c115dd315fbe0205a1/element/f.BFB8759039FE4A82D214F951969F662B.d.9204AC581906C0E50867579E3E6BA3C4.e.588/clear - {}
RESULT: {}
COMMAND: POST /session/bff4273739e203c115dd315fbe0205a1/element/f.BFB8759039FE4A82D214F951969F662B.d.9204AC581906C0E50867579E3E6BA3C4.e.588/clear - {}
RESULT: {}
COMMAND: POST /session/bff4273739e203c115dd315fbe0205a1/element/f.BFB8759039FE4A82D214F951969F662B.d.9204AC581906C0E50867579E3E6BA3C4.e.588/value - {"text":"7434853216"}
RESULT: {"text":"7434853216"}
COMMAND: POST /session/bff4273739e203c115dd315fbe0205a1/element/f.BFB8759039FE4A82D214F951969F662B.d.9204AC581906C0E50867579E3E6BA3C4.e.599/click - {}
RESULT: {}
COMMAND: GET /session/bff4273739e203c115dd315fbe0205a1/element/f.BFB8759039FE4A82D214F951969F662B.d.9204AC581906C0E50867579E3E6BA3C4.e.611/attribute/class - {}
RESULT: {}
COMMAND: GET /session/bff4273739e203c115dd315fbe0205a1/element/f.BFB8759039FE4A82D214F951969F662B.d.9204AC581906C0E50867579E3E6BA3C4.e.614/text - {}
RESULT: {}
COMMAND: GET /session/bff4273739e203c115dd315fbe0205a1/element/f.BFB8759039FE4A82D214F951969F662B.d.9204AC581906C0E50867579E3E6BA3C4.e.615/text - {}
RESULT: {}
COMMAND: GET /session/bff4273739e203c115dd315fbe0205a1/element/f.BFB8759039FE4A82D214F951969F662B.d.9204AC581906C0E50867579E3E6BA3C4.e.617/text - {}
RESULT: {}
COMMAND: GET /session/bff4273739e203c115dd315fbe0205a1/element/f.BFB8759039FE4A82D214F951969F662B.d.9204AC581906C0E50867579E3E6BA3C4.e.618/text - {}
RESULT: {}
COMMAND: POST /session/bff4273739e203c115dd315fbe0205a1/element/f.BFB8759039FE4A82D214F951969F662B.d.9204AC581906C0E50867579E3E6BA3C4.e.618/click - {}
RESULT: {}
COMMAND: GET /session/bff4273739e203c115dd315fbe0205a1/element/f.BFB8759039FE4A82D214F951969F662B.d.9204AC581906C0E50867579E3E6BA3C4.e.813/text - {}
RESULT: {}
COMMAND: DELETE /session/bff4273739e203c115dd315fbe0205a1 - {}
RESULT: {}
]]></system-out>
      <system-err><![CDATA[
Error: Asset/Mobile Number field not found with any known locator
    at SiebelSubscriptionsPage.findAssetField (D:\New VI UAT PROJECT\WIP\Automation Folder\VI Demo 31.05.2026\VI Demo\siebel-crm-automation\pages\SiebelSubscriptionsPage.ts:222:11)
    at async SiebelSubscriptionsPage.verifyAccountSummaryPage (D:\New VI UAT PROJECT\WIP\Automation Folder\VI Demo 31.05.2026\VI Demo\siebel-crm-automation\pages\SiebelSubscriptionsPage.ts:197:24)
    at async Context.<anonymous> (D:\New VI UAT PROJECT\WIP\Automation Folder\VI Demo 31.05.2026\VI Demo\siebel-crm-automation\specs\siebel_invoice_validation.spec.ts:147:17)
    at async Context.executeAsync (D:\New VI UAT PROJECT\WIP\Automation Folder\VI Demo 31.05.2026\VI Demo\node_modules\@wdio\utils\build\index.js:1108:20)
    at async Context.testFrameworkFnWrapper (D:\New VI UAT PROJECT\WIP\Automation Folder\VI Demo 31.05.2026\VI Demo\node_modules\@wdio\utils\build\index.js:1188:14)
]]></system-err>
    </testcase>
  </testsuite>
</testsuites>