<?xml version="1.0" encoding="UTF-8"?>
<testng-results ignored="0" total="1" passed="1" failed="0" skipped="0">
  <reporter-output>
  </reporter-output>
  <suite started-at="2026-07-15T02:31:49 IST" name="Surefire suite" finished-at="2026-07-15T02:36:49 IST" duration-ms="299982">
    <groups>
    </groups>
    <test started-at="2026-07-15T02:31:49 IST" name="Surefire test" finished-at="2026-07-15T02:36:49 IST" duration-ms="299982">
      <class name="com.telecom.tests.SIMAutoLatchTestSuite">
        <test-method is-config="true" signature="setup()[pri:0, instance:com.telecom.tests.SIMAutoLatchTestSuite@1d119efb]" started-at="2026-07-15T02:31:49 IST" name="setup" finished-at="2026-07-15T02:31:49 IST" duration-ms="11" status="PASS">
          <reporter-output>
          </reporter-output>
        </test-method> <!-- setup -->
        <test-method signature="executeSIMAutoLatchTests()[pri:0, instance:com.telecom.tests.SIMAutoLatchTestSuite@1d119efb]" started-at="2026-07-15T02:31:49 IST" name="executeSIMAutoLatchTests" description="Execute all SIM auto-latch tests from Excel" finished-at="2026-07-15T02:36:49 IST" duration-ms="299944" status="PASS">
          <reporter-output>
          </reporter-output>
        </test-method> <!-- executeSIMAutoLatchTests -->
        <test-method is-config="true" signature="tearDown()[pri:0, instance:com.telecom.tests.SIMAutoLatchTestSuite@1d119efb]" started-at="2026-07-15T02:36:49 IST" name="tearDown" finished-at="2026-07-15T02:36:49 IST" duration-ms="1" status="PASS">
          <reporter-output>
          </reporter-output>
        </test-method> <!-- tearDown -->
      </class> <!-- com.telecom.tests.SIMAutoLatchTestSuite -->
    </test> <!-- Surefire test -->
  </suite> <!-- Surefire suite -->
</testng-results>
